<?xml version="1.0" encoding="UTF-8"?>
<testsuite buildFile="C:\Users\NSEKIYA\Documents\GitHub\PAnts\core\tasks\test\test-generate-properties.xml" hostname="NSEKIYA-jp" name="test-generate-properties_xml" timestamp="2012-08-21T14:00:10">
  <properties>
    <property name="java.class.path" value="C:\eclipse\oepe-indigo-all-in-one-12.1.1.0.0.201112072225-win32-x86_64\plugins\org.apache.ant_1.8.2.v20110505-1300\lib\ant-antlr.jar;C:\eclipse\oepe-indigo-all-in-one-12.1.1.0.0.201112072225-win32-x86_64\plugins\org.apache.ant_1.8.2.v20110505-1300\lib\ant-apache-bcel.jar;C:\eclipse\oepe-indigo-all-in-one-12.1.1.0.0.201112072225-win32-x86_64\plugins\org.apache.ant_1.8.2.v20110505-1300\lib\ant-apache-bsf.jar;C:\eclipse\oepe-indigo-all-in-one-12.1.1.0.0.201112072225-win32-x86_64\plugins\org.apache.ant_1.8.2.v20110505-1300\lib\ant-apache-log4j.jar;C:\eclipse\oepe-indigo-all-in-one-12.1.1.0.0.201112072225-win32-x86_64\plugins\org.apache.ant_1.8.2.v20110505-1300\lib\ant-apache-oro.jar;C:\eclipse\oepe-indigo-all-in-one-12.1.1.0.0.201112072225-win32-x86_64\plugins\org.apache.ant_1.8.2.v20110505-1300\lib\ant-apache-regexp.jar;C:\eclipse\oepe-indigo-all-in-one-12.1.1.0.0.201112072225-win32-x86_64\plugins\org.apache.ant_1.8.2.v20110505-1300\lib\ant-apache-resolver.jar;C:\eclipse\oepe-indigo-all-in-one-12.1.1.0.0.201112072225-win32-x86_64\plugins\org.apache.ant_1.8.2.v20110505-1300\lib\ant-apache-xalan2.jar;C:\eclipse\oepe-indigo-all-in-one-12.1.1.0.0.201112072225-win32-x86_64\plugins\org.apache.ant_1.8.2.v20110505-1300\lib\ant-commons-logging.jar;C:\eclipse\oepe-indigo-all-in-one-12.1.1.0.0.201112072225-win32-x86_64\plugins\org.apache.ant_1.8.2.v20110505-1300\lib\ant-commons-net.jar;C:\eclipse\oepe-indigo-all-in-one-12.1.1.0.0.201112072225-win32-x86_64\plugins\org.apache.ant_1.8.2.v20110505-1300\lib\ant-jai.jar;C:\eclipse\oepe-indigo-all-in-one-12.1.1.0.0.201112072225-win32-x86_64\plugins\org.apache.ant_1.8.2.v20110505-1300\lib\ant-javamail.jar;C:\eclipse\oepe-indigo-all-in-one-12.1.1.0.0.201112072225-win32-x86_64\plugins\org.apache.ant_1.8.2.v20110505-1300\lib\ant-jdepend.jar;C:\eclipse\oepe-indigo-all-in-one-12.1.1.0.0.201112072225-win32-x86_64\plugins\org.apache.ant_1.8.2.v20110505-1300\lib\ant-jmf.jar;C:\eclipse\oepe-indigo-all-in-one-12.1.1.0.0.201112072225-win32-x86_64\plugins\org.apache.ant_1.8.2.v20110505-1300\lib\ant-jsch.jar;C:\eclipse\oepe-indigo-all-in-one-12.1.1.0.0.201112072225-win32-x86_64\plugins\org.apache.ant_1.8.2.v20110505-1300\lib\ant-junit.jar;C:\eclipse\oepe-indigo-all-in-one-12.1.1.0.0.201112072225-win32-x86_64\plugins\org.apache.ant_1.8.2.v20110505-1300\lib\ant-junit4.jar;C:\eclipse\oepe-indigo-all-in-one-12.1.1.0.0.201112072225-win32-x86_64\plugins\org.apache.ant_1.8.2.v20110505-1300\lib\ant-launcher.jar;C:\eclipse\oepe-indigo-all-in-one-12.1.1.0.0.201112072225-win32-x86_64\plugins\org.apache.ant_1.8.2.v20110505-1300\lib\ant-netrexx.jar;C:\eclipse\oepe-indigo-all-in-one-12.1.1.0.0.201112072225-win32-x86_64\plugins\org.apache.ant_1.8.2.v20110505-1300\lib\ant-swing.jar;C:\eclipse\oepe-indigo-all-in-one-12.1.1.0.0.201112072225-win32-x86_64\plugins\org.apache.ant_1.8.2.v20110505-1300\lib\ant-testutil.jar;C:\eclipse\oepe-indigo-all-in-one-12.1.1.0.0.201112072225-win32-x86_64\plugins\org.apache.ant_1.8.2.v20110505-1300\lib\ant.jar;C:\Oracle\Middleware_wls1211_win32_patch\wlserver_12.1\server\lib\weblogic.jar;C:\Users\NSEKIYA\Documents\assignment\assignments2011\2012_04_12 ants\追加libs\servertaskpatch.jar;C:\Users\NSEKIYA\Documents\assignment\assignments2011\2012_04_12 ants\追加libs\ant-contrib-1.0b3.jar;C:\Users\NSEKIYA\Documents\assignment\assignments2011\2012_04_12 ants\追加libs\jsch-0.1.48.jar;C:\Users\NSEKIYA\Documents\assignment\assignments2011\2012_04_12 ants\追加libs\incanto-0.2.4.jar;C:\Users\NSEKIYA\Documents\assignment\assignments2011\2012_04_12 ants\追加libs\xercesImpl-2.6.2.jar;C:\Users\NSEKIYA\Documents\assignment\assignments2011\2012_04_12 ants\追加libs\groovy-all-1.8.6.jar;C:\Users\NSEKIYA\Documents\assignment\assignments2011\2012_04_12 ants\追加libs\ant-jmeter-1.1.1.jar;D:\mycodes\apache-ant-antunit-1.2\ant-antunit-1.2.jar;C:\apache-ant-1.8.2-bin\apache-ant-1.8.2\lib\ivy.jar;C:\eclipse\oepe-indigo-all-in-one-12.1.1.0.0.201112072225-win32-x86_64\configuration\org.eclipse.osgi\bundles\161\1\.cp\lib\antdebug.jar;C:\eclipse\oepe-indigo-all-in-one-12.1.1.0.0.201112072225-win32-x86_64\configuration\org.eclipse.osgi\bundles\161\1\.cp\lib\remote.jar;C:\eclipse\oepe-indigo-all-in-one-12.1.1.0.0.201112072225-win32-x86_64\configuration\org.eclipse.osgi\bundles\162\1\.cp\lib\remoteAnt.jar;C:\Java\jdk1.7.0_01\lib\tools.jar;C:\eclipse\oepe-indigo-all-in-one-12.1.1.0.0.201112072225-win32-x86_64\plugins\org.eclipse.swt.win32.win32.x86_64_3.7.1.v3738a.jar" />
    <property name="java.vm.specification.vendor" value="Oracle Corporation" />
    <property name="java.version" value="1.7.0_01" />
    <property name="user.timezone" value="Asia/Tokyo" />
    <property name="sun.boot.class.path" value="C:\Java\jdk1.7.0_01\jre\lib\resources.jar;C:\Java\jdk1.7.0_01\jre\lib\rt.jar;C:\Java\jdk1.7.0_01\jre\lib\sunrsasign.jar;C:\Java\jdk1.7.0_01\jre\lib\jsse.jar;C:\Java\jdk1.7.0_01\jre\lib\jce.jar;C:\Java\jdk1.7.0_01\jre\lib\charsets.jar;C:\Java\jdk1.7.0_01\jre\classes" />
    <property name="file.separator" value="\" />
    <property name="java.ext.dirs" value="C:\Java\jdk1.7.0_01\jre\lib\ext;C:\windows\Sun\Java\lib\ext" />
    <property name="sun.boot.library.path" value="C:\Java\jdk1.7.0_01\jre\bin" />
    <property name="sun.io.unicode.encoding" value="UnicodeLittle" />
    <property name="ant.project.name" value="test-generate-properties" />
    <property name="ant.file.test-generate-properties" value="C:\Users\NSEKIYA\Documents\GitHub\PAnts\core\tasks\test\test-generate-properties.xml" />
    <property name="sun.java.launcher" value="SUN_STANDARD" />
    <property name="ant.version" value="Apache Ant(TM) version 1.8.2 compiled on December 20 2010" />
    <property name="user.dir" value="C:\Users\NSEKIYA\Documents\GitHub\PAnts\core\tasks\test" />
    <property name="java.runtime.name" value="Java(TM) SE Runtime Environment" />
    <property name="user.language" value="ja" />
    <property name="ant.library.dir" value="C:\eclipse\oepe-indigo-all-in-one-12.1.1.0.0.201112072225-win32-x86_64\plugins\org.apache.ant_1.8.2.v20110505-1300\lib" />
    <property name="user.script" value="" />
    <property name="os.arch" value="amd64" />
    <property name="java.awt.printerjob" value="sun.awt.windows.WPrinterJob" />
    <property name="sun.arch.data.model" value="64" />
    <property name="ant.home" value="C:\eclipse\oepe-indigo-all-in-one-12.1.1.0.0.201112072225-win32-x86_64\plugins\org.apache.ant_1.8.2.v20110505-1300" />
    <property name="build.dir" value="../build" />
    <property name="java.library.path" value="C:\eclipse\oepe-indigo-all-in-one-12.1.1.0.0.201112072225-win32-x86_64;C:\windows\Sun\Java\bin;C:\windows\system32;C:\windows;C:/Java/jdk1.7.0_01/bin/../jre/bin/server;C:/Java/jdk1.7.0_01/bin/../jre/bin;C:/Java/jdk1.7.0_01/bin/../jre/lib/amd64;C:\Java\jdk1.7.0_01\bin;C:\oraclexe\app\oracle\product\10.2.0\server\bin;C:\Java\jdk1.7.0_01\bin;C:\windows\system32;C:\windows;C:\windows\System32\Wbem;C:\windows\System32\WindowsPowerShell\v1.0\;C:\Program Files (x86)\Toshiba\Bluetooth Toshiba Stack\sys\;C:\Program Files (x86)\Toshiba\Bluetooth Toshiba Stack\sys\x64\;C:\Program Files (x86)\QuickTime\QTSystem\;C:\Program Files\jad158g.win;C:\Program Files\Oracle\VirtualBox;C:\apache-maven-3.0.3\bin;C:\Program Files (x86)\GnuWin32\bin;C:\apache-ant-1.8.2-bin\apache-ant-1.8.2\bin;C:\Program Files\TortoiseSVN\bin;C:\eclipse\oepe-indigo-all-in-one-12.1.1.0.0.201112072225-win32-x86_64;;.;C:\eclipse\oepe-indigo-all-in-one-12.1.1.0.0.201112072225-win32-x86_64\configuration\org.eclipse.osgi\bundles\694\1\.cp" />
    <property name="sun.cpu.endian" value="little" />
    <property name="sun.jnu.encoding" value="MS932" />
    <property name="java.vm.name" value="Java HotSpot(TM) 64-Bit Server VM" />
    <property name="java.vendor" value="Oracle Corporation" />
    <property name="java.specification.name" value="Java Platform API Specification" />
    <property name="ant.file.type.test-generate-properties" value="file" />
    <property name="java.vm.version" value="21.1-b02" />
    <property name="java.specification.vendor" value="Oracle Corporation" />
    <property name="ant.core.lib" value="C:\eclipse\oepe-indigo-all-in-one-12.1.1.0.0.201112072225-win32-x86_64\plugins\org.apache.ant_1.8.2.v20110505-1300\lib\ant.jar" />
    <property name="sun.desktop" value="windows" />
    <property name="user.name" value="NSEKIYA" />
    <property name="user.country" value="JP" />
    <property name="java.class.version" value="51.0" />
    <property name="sun.os.patch.level" value="Service Pack 1" />
    <property name="sun.java.command" value="org.eclipse.ant.internal.launching.remote.InternalAntRunner -Dorg.eclipse.ant.core.ANT_PROCESS_ID=1345557608946 -Declipse.connect.port=54112 -Declipse.pdebuild.home=/C:/eclipse/oepe-indigo-all-in-one-12.1.1.0.0.201112072225-win32-x86_64/plugins/org.eclipse.pde.build_3.7.0.v20110512-1320/./ -Declipse.pdebuild.scripts=/C:/eclipse/oepe-indigo-all-in-one-12.1.1.0.0.201112072225-win32-x86_64/plugins/org.eclipse.pde.build_3.7.0.v20110512-1320/scripts/ -Declipse.pdebuild.templates=/C:/eclipse/oepe-indigo-all-in-one-12.1.1.0.0.201112072225-win32-x86_64/plugins/org.eclipse.pde.build_3.7.0.v20110512-1320/templates/ -Denv.ANTCRAWLER_HOME=D:\eclipse_workspaces\ants\AntCrawler -Dant.home=C:\eclipse\oepe-indigo-all-in-one-12.1.1.0.0.201112072225-win32-x86_64\plugins\org.apache.ant_1.8.2.v20110505-1300 -logger org.eclipse.ant.internal.launching.remote.logger.RemoteAntBuildLogger -inputhandler org.eclipse.ant.internal.ui.antsupport.inputhandler.ProxyInputHandler -eclipseTask WLServer,weblogic.ant.taskdefs.management.WLServer -buildfile C:\Users\NSEKIYA\Documents\GitHub\PAnts\core\tasks\test\test-generate-properties.xml" />
    <property name="java.vendor.url.bug" value="http://bugreport.sun.com/bugreport/" />
    <property name="ant.file" value="C:\Users\NSEKIYA\Documents\GitHub\PAnts\core\tasks\test\test-generate-properties.xml" />
    <property name="ant.project.default-target" value="go" />
    <property name="ant.java.version" value="1.7" />
    <property name="sun.cpu.isalist" value="amd64" />
    <property name="file.encoding" value="MS932" />
    <property name="user.variant" value="" />
    <property name="java.runtime.version" value="1.7.0_01-b08" />
    <property name="line.separator" value="&#xd;&#xa;" />
    <property name="file.encoding.pkg" value="sun.io" />
    <property name="java.vm.vendor" value="Oracle Corporation" />
    <property name="user.home" value="C:\Users\NSEKIYA" />
    <property name="os.version" value="6.1" />
    <property name="java.vm.info" value="mixed mode" />
    <property name="os.name" value="Windows 7" />
    <property name="java.endorsed.dirs" value="C:\Java\jdk1.7.0_01\jre\lib\endorsed" />
    <property name="java.specification.version" value="1.7" />
    <property name="java.vm.specification.version" value="1.7" />
    <property name="java.awt.graphicsenv" value="sun.awt.Win32GraphicsEnvironment" />
    <property name="awt.toolkit" value="sun.awt.windows.WToolkit" />
    <property name="java.io.tmpdir" value="C:\Users\NSEKIYA\AppData\Local\Temp\" />
    <property name="java.vm.specification.name" value="Java Virtual Machine Specification" />
    <property name="java.vendor.url" value="http://java.oracle.com/" />
    <property name="sun.management.compiler" value="HotSpot 64-Bit Tiered Compilers" />
    <property name="path.separator" value=";" />
    <property name="java.home" value="C:\Java\jdk1.7.0_01\jre" />
    <property name="basedir" value="C:\Users\NSEKIYA\Documents\GitHub\PAnts\core\tasks\test" />
  </properties>
  <testcase name="test1">
    <error columnnumber="46" linenumber="27" message="java.lang.NullPointerException" type="org.apache.tools.ant.BuildException">C:\Users\NSEKIYA\Documents\GitHub\PAnts\core\tasks\test\test-generate-properties.xml:27: java.lang.NullPointerException
	at org.apache.tools.ant.dispatch.DispatchUtils.execute(DispatchUtils.java:116)
	at org.apache.tools.ant.Task.perform(Task.java:348)
	at org.apache.tools.ant.Target.execute(Target.java:390)
	at org.apache.tools.ant.Target.performTasks(Target.java:411)
	at org.apache.tools.ant.Project.executeSortedTargets(Project.java:1399)
	at org.apache.tools.ant.helper.SingleCheckExecutor.executeTargets(SingleCheckExecutor.java:38)
	at org.eclipse.ant.internal.launching.remote.EclipseSingleCheckExecutor.executeTargets(EclipseSingleCheckExecutor.java:30)
	at org.apache.tools.ant.Project.executeTargets(Project.java:1251)
	at org.apache.ant.antunit.AntUnitScriptRunner.runTarget(AntUnitScriptRunner.java:224)
	at org.apache.ant.antunit.AntUnitScriptRunner.runSuite(AntUnitScriptRunner.java:303)
	at org.apache.ant.antunit.AntUnit.doFile(AntUnit.java:268)
	at org.apache.ant.antunit.AntUnit.doResourceCollection(AntUnit.java:247)
	at org.apache.ant.antunit.AntUnit.execute(AntUnit.java:218)
	at org.apache.tools.ant.UnknownElement.execute(UnknownElement.java:291)
	at sun.reflect.GeneratedMethodAccessor4.invoke(Unknown Source)
	at sun.reflect.DelegatingMethodAccessorImpl.invoke(DelegatingMethodAccessorImpl.java:43)
	at java.lang.reflect.Method.invoke(Method.java:601)
	at org.apache.tools.ant.dispatch.DispatchUtils.execute(DispatchUtils.java:106)
	at org.apache.tools.ant.Task.perform(Task.java:348)
	at org.apache.tools.ant.Target.execute(Target.java:390)
	at org.apache.tools.ant.Target.performTasks(Target.java:411)
	at org.apache.tools.ant.Project.executeSortedTargets(Project.java:1399)
	at org.apache.tools.ant.Project.executeTarget(Project.java:1368)
	at org.apache.tools.ant.helper.DefaultExecutor.executeTargets(DefaultExecutor.java:41)
	at org.eclipse.ant.internal.launching.remote.EclipseDefaultExecutor.executeTargets(EclipseDefaultExecutor.java:32)
	at org.apache.tools.ant.Project.executeTargets(Project.java:1251)
	at org.eclipse.ant.internal.launching.remote.InternalAntRunner.run(InternalAntRunner.java:424)
	at org.eclipse.ant.internal.launching.remote.InternalAntRunner.main(InternalAntRunner.java:138)
Caused by: java.lang.NullPointerException
	at net.skiy.pants.tasks.agentproperty.GenerateProperties.execute(GenerateProperties.java:30)
	at org.apache.tools.ant.UnknownElement.execute(UnknownElement.java:291)
	at sun.reflect.GeneratedMethodAccessor4.invoke(Unknown Source)
	at sun.reflect.DelegatingMethodAccessorImpl.invoke(DelegatingMethodAccessorImpl.java:43)
	at java.lang.reflect.Method.invoke(Method.java:601)
	at org.apache.tools.ant.dispatch.DispatchUtils.execute(DispatchUtils.java:106)
	... 27 more
</error>
    <time>0.008</time>
  </testcase>
  <tests>1</tests>
  <failures>0</failures>
  <errors>1</errors>
  <time>0.05</time>
</testsuite>
