<project name="test-load-project-properties" xmlns:au="antlib:org.apache.ant.antunit" xmlns:pants="antlib:net.skiy.pants.tasks" default="go">
	<property name="build.dir" value="${basedir}/../build" />
	<property name="test.lib.dir" value="../lib/test/jar" />
	
	<taskdef uri="antlib:net.skiy.pants.tasks"
	         resource="net/skiy/pants/tasks/antlib.xml">
		<classpath>
			<dirset dir="${build.dir}">
				<include name="classes/**" />
			</dirset>
		</classpath>
	</taskdef>

	<taskdef uri="antlib:org.apache.ant.antunit"
	         resource="org/apache/ant/antunit/antlib.xml" classpath="${test.lib.dir}/ant-antunit-1.2.jar">
	</taskdef>
	
				
	<target name="build">
		<javac srcdir="../src" destdir="../build/classes" debug="true" includeAntRuntime="false">
			<classpath>
				<fileset dir="../lib/build/jar" includes="*.jar" />
			</classpath>
		</javac>
		<copy todir="../build/classes">
			<fileset dir="../src" excludes="**/*.java" />
		</copy>
	</target>
	
	<target name="go" depends="build">
		<au:antunit>
			<fileset file="${ant.file}" />
			<au:plainlistener loglevel="debug"/>
		</au:antunit>
	</target>

	<target name="setUp">
		
	</target>
	


	<target name="test1">
		<ant antfile="conductor-build.xml" dir="${basedir}/test-load-properties-dir/cases/dir1/dir2" inheritall="false" >
			<property name="build.dir" value="${build.dir}" />
		</ant>

	</target>

</project>
