<project name="test-generate-properties" xmlns:au="antlib:org.apache.ant.antunit" xmlns:pants="antlib:net.skiy.pants.tasks" default="go">
	<property name="build.dir" value="../build" />
	<property name="test.lib.dir" value="../lib/test/jar" />
	
	<taskdef uri="antlib:net.skiy.pants.tasks"
	         resource="net/skiy/pants/tasks/antlib.xml">
		<classpath>
			<dirset dir="${build.dir}">
				<include name="classes/**" />
			</dirset>
		</classpath>
	</taskdef>

	<taskdef uri="antlib:org.apache.ant.antunit"
	         resource="org/apache/ant/antunit/antlib.xml" classpath="${test.lib.dir}/ant-antunit-1.2.jar">
	</taskdef>
	
				
	<target name="build">
		<javac srcdir="../src" destdir="../build/classes" debug="true" includeAntRuntime="false">
			<classpath>
				<fileset dir="../lib/build/jar" includes="*.jar" />
			</classpath>
		</javac>
		<copy todir="../build/classes">
			<fileset dir="../src" excludes="**/*.java" />
		</copy>
	</target>
	
	<target name="go" depends="build">
		<au:antunit>
			<fileset file="${ant.file}" />
			<au:plainlistener loglevel="info"/>
		</au:antunit>
	</target>

	<target name="setUp">
		<delete dir="dist"/>
	</target>
	
	<target name="test1">
		<property name="wls1.aaa" value="wls1aaa-v" />
		<property name="wls2.aaa" value="wsl2aaa-v" />
		<property name="wls1.bbb" value="wsl1bbb-v" />
		<property name="all.ccc" value="allccc-v" />
		<pants:generate-properties server="wls1" />
		<echo message="finished"/>
		<au:assertFileExists file="dist/wls1.properties"/>
	</target>

</project>
